2016-06-09 15:00:36 ERROR [main      ] DatabaseFactory          (  67) - Failed to initialize database
java.lang.RuntimeException: java.lang.reflect.InvocationTargetException
	at marauroa.server.db.AdapterFactory.create(AdapterFactory.java:92)
	at marauroa.server.db.TransactionPool.createMinimumDBTransactions(TransactionPool.java:91)
	at marauroa.server.db.TransactionPool.beginWork(TransactionPool.java:115)
	at marauroa.server.game.db.DatabaseFactory.initializeDatabaseSchema(DatabaseFactory.java:76)
	at marauroa.server.game.db.DatabaseFactory.internalInit(DatabaseFactory.java:65)
	at marauroa.server.game.db.DatabaseFactory.initializeDatabase(DatabaseFactory.java:53)
	at marauroa.server.marauroad.init(marauroad.java:321)
	at marauroa.server.marauroad.main(marauroad.java:199)
Caused by: java.lang.reflect.InvocationTargetException
	at sun.reflect.NativeConstructorAccessorImpl.newInstance0(Native Method)
	at sun.reflect.NativeConstructorAccessorImpl.newInstance(Unknown Source)
	at sun.reflect.DelegatingConstructorAccessorImpl.newInstance(Unknown Source)
	at java.lang.reflect.Constructor.newInstance(Unknown Source)
	at marauroa.server.db.AdapterFactory.internalCreate(AdapterFactory.java:64)
	at marauroa.server.db.AdapterFactory.create(AdapterFactory.java:79)
	... 7 more
Caused by: marauroa.server.db.DatabaseConnectionException: Cannot load driver class org.h2.Driver
	at marauroa.server.db.adapter.AbstractDatabaseAdapter.createConnection(AbstractDatabaseAdapter.java:90)
	at marauroa.server.db.adapter.H2DatabaseAdapter.createConnection(H2DatabaseAdapter.java:54)
	at marauroa.server.db.adapter.AbstractDatabaseAdapter.<init>(AbstractDatabaseAdapter.java:54)
	at marauroa.server.db.adapter.H2DatabaseAdapter.<init>(H2DatabaseAdapter.java:40)
	... 13 more
Caused by: java.lang.ClassNotFoundException: org.h2.Driver
	at java.net.URLClassLoader.findClass(Unknown Source)
	at java.lang.ClassLoader.loadClass(Unknown Source)
	at sun.misc.Launcher$AppClassLoader.loadClass(Unknown Source)
	at java.lang.ClassLoader.loadClass(Unknown Source)
	at java.lang.Class.forName0(Native Method)
	at java.lang.Class.forName(Unknown Source)
	at marauroa.server.db.adapter.AbstractDatabaseAdapter.createConnection(AbstractDatabaseAdapter.java:86)
	... 16 more
2016-06-09 15:11:37 ERROR [main      ] DatabaseFactory          (  67) - Failed to initialize database
java.lang.RuntimeException: java.lang.reflect.InvocationTargetException
	at marauroa.server.db.AdapterFactory.create(AdapterFactory.java:92)
	at marauroa.server.db.TransactionPool.createMinimumDBTransactions(TransactionPool.java:91)
	at marauroa.server.db.TransactionPool.beginWork(TransactionPool.java:115)
	at marauroa.server.game.db.DatabaseFactory.initializeDatabaseSchema(DatabaseFactory.java:76)
	at marauroa.server.game.db.DatabaseFactory.internalInit(DatabaseFactory.java:65)
	at marauroa.server.game.db.DatabaseFactory.initializeDatabase(DatabaseFactory.java:53)
	at marauroa.server.marauroad.init(marauroad.java:321)
	at marauroa.server.marauroad.main(marauroad.java:199)
Caused by: java.lang.reflect.InvocationTargetException
	at sun.reflect.NativeConstructorAccessorImpl.newInstance0(Native Method)
	at sun.reflect.NativeConstructorAccessorImpl.newInstance(Unknown Source)
	at sun.reflect.DelegatingConstructorAccessorImpl.newInstance(Unknown Source)
	at java.lang.reflect.Constructor.newInstance(Unknown Source)
	at marauroa.server.db.AdapterFactory.internalCreate(AdapterFactory.java:64)
	at marauroa.server.db.AdapterFactory.create(AdapterFactory.java:79)
	... 7 more
Caused by: marauroa.server.db.DatabaseConnectionException: Unable to create a connection to: jdbc:mariadb://localhost:3306/db;AUTO_RECONNECT=TRUE;DB_CLOSE_ON_EXIT=FALSE
	at marauroa.server.db.adapter.AbstractDatabaseAdapter.<init>(AbstractDatabaseAdapter.java:57)
	at marauroa.server.db.adapter.H2DatabaseAdapter.<init>(H2DatabaseAdapter.java:40)
	... 13 more
Caused by: java.sql.SQLInvalidAuthorizationSpecException: Could not connect: Access denied for user ''@'localhost' (using password: NO)
	at org.mariadb.jdbc.internal.util.ExceptionMapper.get(ExceptionMapper.java:121)
	at org.mariadb.jdbc.internal.util.ExceptionMapper.throwException(ExceptionMapper.java:69)
	at org.mariadb.jdbc.Driver.connect(Driver.java:110)
	at java.sql.DriverManager.getConnection(Unknown Source)
	at java.sql.DriverManager.getConnection(Unknown Source)
	at marauroa.server.db.adapter.AbstractDatabaseAdapter.createConnection(AbstractDatabaseAdapter.java:102)
	at marauroa.server.db.adapter.H2DatabaseAdapter.createConnection(H2DatabaseAdapter.java:54)
	at marauroa.server.db.adapter.AbstractDatabaseAdapter.<init>(AbstractDatabaseAdapter.java:54)
	... 14 more
Caused by: org.mariadb.jdbc.internal.util.dao.QueryException: Could not connect: Access denied for user ''@'localhost' (using password: NO)
	at org.mariadb.jdbc.internal.protocol.AbstractConnectProtocol.authentication(AbstractConnectProtocol.java:500)
	at org.mariadb.jdbc.internal.protocol.AbstractConnectProtocol.handleConnectionPhases(AbstractConnectProtocol.java:448)
	at org.mariadb.jdbc.internal.protocol.AbstractConnectProtocol.connect(AbstractConnectProtocol.java:359)
	at org.mariadb.jdbc.internal.protocol.AbstractConnectProtocol.connectWithoutProxy(AbstractConnectProtocol.java:701)
	at org.mariadb.jdbc.internal.util.Utils.retrieveProxy(Utils.java:471)
	at org.mariadb.jdbc.Driver.connect(Driver.java:105)
	... 19 more
2016-06-09 15:12:16 ERROR [main      ] DatabaseFactory          (  67) - Failed to initialize database
java.lang.RuntimeException: java.lang.reflect.InvocationTargetException
	at marauroa.server.db.AdapterFactory.create(AdapterFactory.java:92)
	at marauroa.server.db.TransactionPool.createMinimumDBTransactions(TransactionPool.java:91)
	at marauroa.server.db.TransactionPool.beginWork(TransactionPool.java:115)
	at marauroa.server.game.db.DatabaseFactory.initializeDatabaseSchema(DatabaseFactory.java:76)
	at marauroa.server.game.db.DatabaseFactory.internalInit(DatabaseFactory.java:65)
	at marauroa.server.game.db.DatabaseFactory.initializeDatabase(DatabaseFactory.java:53)
	at marauroa.server.marauroad.init(marauroad.java:321)
	at marauroa.server.marauroad.main(marauroad.java:199)
Caused by: java.lang.reflect.InvocationTargetException
	at sun.reflect.NativeConstructorAccessorImpl.newInstance0(Native Method)
	at sun.reflect.NativeConstructorAccessorImpl.newInstance(Unknown Source)
	at sun.reflect.DelegatingConstructorAccessorImpl.newInstance(Unknown Source)
	at java.lang.reflect.Constructor.newInstance(Unknown Source)
	at marauroa.server.db.AdapterFactory.internalCreate(AdapterFactory.java:64)
	at marauroa.server.db.AdapterFactory.create(AdapterFactory.java:79)
	... 7 more
Caused by: marauroa.server.db.DatabaseConnectionException: Unable to create a connection to: jdbc:mariadb://localhost:3306/db;AUTO_RECONNECT=TRUE;DB_CLOSE_ON_EXIT=FALSE
	at marauroa.server.db.adapter.AbstractDatabaseAdapter.<init>(AbstractDatabaseAdapter.java:57)
	at marauroa.server.db.adapter.H2DatabaseAdapter.<init>(H2DatabaseAdapter.java:40)
	... 13 more
Caused by: java.sql.SQLInvalidAuthorizationSpecException: Could not connect: Access denied for user ''@'localhost' (using password: NO)
	at org.mariadb.jdbc.internal.util.ExceptionMapper.get(ExceptionMapper.java:121)
	at org.mariadb.jdbc.internal.util.ExceptionMapper.throwException(ExceptionMapper.java:69)
	at org.mariadb.jdbc.Driver.connect(Driver.java:110)
	at java.sql.DriverManager.getConnection(Unknown Source)
	at java.sql.DriverManager.getConnection(Unknown Source)
	at marauroa.server.db.adapter.AbstractDatabaseAdapter.createConnection(AbstractDatabaseAdapter.java:102)
	at marauroa.server.db.adapter.H2DatabaseAdapter.createConnection(H2DatabaseAdapter.java:54)
	at marauroa.server.db.adapter.AbstractDatabaseAdapter.<init>(AbstractDatabaseAdapter.java:54)
	... 14 more
Caused by: org.mariadb.jdbc.internal.util.dao.QueryException: Could not connect: Access denied for user ''@'localhost' (using password: NO)
	at org.mariadb.jdbc.internal.protocol.AbstractConnectProtocol.authentication(AbstractConnectProtocol.java:500)
	at org.mariadb.jdbc.internal.protocol.AbstractConnectProtocol.handleConnectionPhases(AbstractConnectProtocol.java:448)
	at org.mariadb.jdbc.internal.protocol.AbstractConnectProtocol.connect(AbstractConnectProtocol.java:359)
	at org.mariadb.jdbc.internal.protocol.AbstractConnectProtocol.connectWithoutProxy(AbstractConnectProtocol.java:701)
	at org.mariadb.jdbc.internal.util.Utils.retrieveProxy(Utils.java:471)
	at org.mariadb.jdbc.Driver.connect(Driver.java:105)
	... 19 more
2016-06-09 15:12:41 ERROR [main      ] DatabaseFactory          (  67) - Failed to initialize database
java.lang.RuntimeException: java.lang.reflect.InvocationTargetException
	at marauroa.server.db.AdapterFactory.create(AdapterFactory.java:92)
	at marauroa.server.db.TransactionPool.createMinimumDBTransactions(TransactionPool.java:91)
	at marauroa.server.db.TransactionPool.beginWork(TransactionPool.java:115)
	at marauroa.server.game.db.DatabaseFactory.initializeDatabaseSchema(DatabaseFactory.java:76)
	at marauroa.server.game.db.DatabaseFactory.internalInit(DatabaseFactory.java:65)
	at marauroa.server.game.db.DatabaseFactory.initializeDatabase(DatabaseFactory.java:53)
	at marauroa.server.marauroad.init(marauroad.java:321)
	at marauroa.server.marauroad.main(marauroad.java:199)
Caused by: java.lang.reflect.InvocationTargetException
	at sun.reflect.NativeConstructorAccessorImpl.newInstance0(Native Method)
	at sun.reflect.NativeConstructorAccessorImpl.newInstance(Unknown Source)
	at sun.reflect.DelegatingConstructorAccessorImpl.newInstance(Unknown Source)
	at java.lang.reflect.Constructor.newInstance(Unknown Source)
	at marauroa.server.db.AdapterFactory.internalCreate(AdapterFactory.java:64)
	at marauroa.server.db.AdapterFactory.create(AdapterFactory.java:79)
	... 7 more
Caused by: marauroa.server.db.DatabaseConnectionException: Unable to create a connection to: jdbc:mariadb://localhost:3306/db;AUTO_RECONNECT=TRUE;DB_CLOSE_ON_EXIT=FALSE
	at marauroa.server.db.adapter.AbstractDatabaseAdapter.<init>(AbstractDatabaseAdapter.java:57)
	at marauroa.server.db.adapter.H2DatabaseAdapter.<init>(H2DatabaseAdapter.java:40)
	... 13 more
Caused by: java.sql.SQLInvalidAuthorizationSpecException: Could not connect: Access denied for user ''@'localhost' (using password: NO)
	at org.mariadb.jdbc.internal.util.ExceptionMapper.get(ExceptionMapper.java:121)
	at org.mariadb.jdbc.internal.util.ExceptionMapper.throwException(ExceptionMapper.java:69)
	at org.mariadb.jdbc.Driver.connect(Driver.java:110)
	at java.sql.DriverManager.getConnection(Unknown Source)
	at java.sql.DriverManager.getConnection(Unknown Source)
	at marauroa.server.db.adapter.AbstractDatabaseAdapter.createConnection(AbstractDatabaseAdapter.java:102)
	at marauroa.server.db.adapter.H2DatabaseAdapter.createConnection(H2DatabaseAdapter.java:54)
	at marauroa.server.db.adapter.AbstractDatabaseAdapter.<init>(AbstractDatabaseAdapter.java:54)
	... 14 more
Caused by: org.mariadb.jdbc.internal.util.dao.QueryException: Could not connect: Access denied for user ''@'localhost' (using password: NO)
	at org.mariadb.jdbc.internal.protocol.AbstractConnectProtocol.authentication(AbstractConnectProtocol.java:500)
	at org.mariadb.jdbc.internal.protocol.AbstractConnectProtocol.handleConnectionPhases(AbstractConnectProtocol.java:448)
	at org.mariadb.jdbc.internal.protocol.AbstractConnectProtocol.connect(AbstractConnectProtocol.java:359)
	at org.mariadb.jdbc.internal.protocol.AbstractConnectProtocol.connectWithoutProxy(AbstractConnectProtocol.java:701)
	at org.mariadb.jdbc.internal.util.Utils.retrieveProxy(Utils.java:471)
	at org.mariadb.jdbc.Driver.connect(Driver.java:105)
	... 19 more
2016-06-09 15:12:49 ERROR [main      ] DatabaseFactory          (  67) - Failed to initialize database
java.lang.RuntimeException: java.lang.reflect.InvocationTargetException
	at marauroa.server.db.AdapterFactory.create(AdapterFactory.java:92)
	at marauroa.server.db.TransactionPool.createMinimumDBTransactions(TransactionPool.java:91)
	at marauroa.server.db.TransactionPool.beginWork(TransactionPool.java:115)
	at marauroa.server.game.db.DatabaseFactory.initializeDatabaseSchema(DatabaseFactory.java:76)
	at marauroa.server.game.db.DatabaseFactory.internalInit(DatabaseFactory.java:65)
	at marauroa.server.game.db.DatabaseFactory.initializeDatabase(DatabaseFactory.java:53)
	at marauroa.server.marauroad.init(marauroad.java:321)
	at marauroa.server.marauroad.main(marauroad.java:199)
Caused by: java.lang.reflect.InvocationTargetException
	at sun.reflect.NativeConstructorAccessorImpl.newInstance0(Native Method)
	at sun.reflect.NativeConstructorAccessorImpl.newInstance(Unknown Source)
	at sun.reflect.DelegatingConstructorAccessorImpl.newInstance(Unknown Source)
	at java.lang.reflect.Constructor.newInstance(Unknown Source)
	at marauroa.server.db.AdapterFactory.internalCreate(AdapterFactory.java:64)
	at marauroa.server.db.AdapterFactory.create(AdapterFactory.java:79)
	... 7 more
Caused by: marauroa.server.db.DatabaseConnectionException: Unable to create a connection to: jdbc:mariadb://localhost/db;AUTO_RECONNECT=TRUE;DB_CLOSE_ON_EXIT=FALSE
	at marauroa.server.db.adapter.AbstractDatabaseAdapter.<init>(AbstractDatabaseAdapter.java:57)
	at marauroa.server.db.adapter.H2DatabaseAdapter.<init>(H2DatabaseAdapter.java:40)
	... 13 more
Caused by: java.sql.SQLInvalidAuthorizationSpecException: Could not connect: Access denied for user ''@'localhost' (using password: NO)
	at org.mariadb.jdbc.internal.util.ExceptionMapper.get(ExceptionMapper.java:121)
	at org.mariadb.jdbc.internal.util.ExceptionMapper.throwException(ExceptionMapper.java:69)
	at org.mariadb.jdbc.Driver.connect(Driver.java:110)
	at java.sql.DriverManager.getConnection(Unknown Source)
	at java.sql.DriverManager.getConnection(Unknown Source)
	at marauroa.server.db.adapter.AbstractDatabaseAdapter.createConnection(AbstractDatabaseAdapter.java:102)
	at marauroa.server.db.adapter.H2DatabaseAdapter.createConnection(H2DatabaseAdapter.java:54)
	at marauroa.server.db.adapter.AbstractDatabaseAdapter.<init>(AbstractDatabaseAdapter.java:54)
	... 14 more
Caused by: org.mariadb.jdbc.internal.util.dao.QueryException: Could not connect: Access denied for user ''@'localhost' (using password: NO)
	at org.mariadb.jdbc.internal.protocol.AbstractConnectProtocol.authentication(AbstractConnectProtocol.java:500)
	at org.mariadb.jdbc.internal.protocol.AbstractConnectProtocol.handleConnectionPhases(AbstractConnectProtocol.java:448)
	at org.mariadb.jdbc.internal.protocol.AbstractConnectProtocol.connect(AbstractConnectProtocol.java:359)
	at org.mariadb.jdbc.internal.protocol.AbstractConnectProtocol.connectWithoutProxy(AbstractConnectProtocol.java:701)
	at org.mariadb.jdbc.internal.util.Utils.retrieveProxy(Utils.java:471)
	at org.mariadb.jdbc.Driver.connect(Driver.java:105)
	... 19 more
2016-06-09 15:13:33 ERROR [main      ] DatabaseFactory          (  67) - Failed to initialize database
java.lang.RuntimeException: java.lang.reflect.InvocationTargetException
	at marauroa.server.db.AdapterFactory.create(AdapterFactory.java:92)
	at marauroa.server.db.TransactionPool.createMinimumDBTransactions(TransactionPool.java:91)
	at marauroa.server.db.TransactionPool.beginWork(TransactionPool.java:115)
	at marauroa.server.game.db.DatabaseFactory.initializeDatabaseSchema(DatabaseFactory.java:76)
	at marauroa.server.game.db.DatabaseFactory.internalInit(DatabaseFactory.java:65)
	at marauroa.server.game.db.DatabaseFactory.initializeDatabase(DatabaseFactory.java:53)
	at marauroa.server.marauroad.init(marauroad.java:321)
	at marauroa.server.marauroad.main(marauroad.java:199)
Caused by: java.lang.reflect.InvocationTargetException
	at sun.reflect.NativeConstructorAccessorImpl.newInstance0(Native Method)
	at sun.reflect.NativeConstructorAccessorImpl.newInstance(Unknown Source)
	at sun.reflect.DelegatingConstructorAccessorImpl.newInstance(Unknown Source)
	at java.lang.reflect.Constructor.newInstance(Unknown Source)
	at marauroa.server.db.AdapterFactory.internalCreate(AdapterFactory.java:64)
	at marauroa.server.db.AdapterFactory.create(AdapterFactory.java:79)
	... 7 more
Caused by: marauroa.server.db.DatabaseConnectionException: Unable to create a connection to: jdbc:mariadb://localhost:3306/db?user=root&password=toor;AUTO_RECONNECT=TRUE;DB_CLOSE_ON_EXIT=FALSE
	at marauroa.server.db.adapter.AbstractDatabaseAdapter.<init>(AbstractDatabaseAdapter.java:57)
	at marauroa.server.db.adapter.H2DatabaseAdapter.<init>(H2DatabaseAdapter.java:40)
	... 13 more
Caused by: java.sql.SQLInvalidAuthorizationSpecException: Could not connect: Access denied for user 'root'@'localhost' (using password: YES)
	at org.mariadb.jdbc.internal.util.ExceptionMapper.get(ExceptionMapper.java:121)
	at org.mariadb.jdbc.internal.util.ExceptionMapper.throwException(ExceptionMapper.java:69)
	at org.mariadb.jdbc.Driver.connect(Driver.java:110)
	at java.sql.DriverManager.getConnection(Unknown Source)
	at java.sql.DriverManager.getConnection(Unknown Source)
	at marauroa.server.db.adapter.AbstractDatabaseAdapter.createConnection(AbstractDatabaseAdapter.java:102)
	at marauroa.server.db.adapter.H2DatabaseAdapter.createConnection(H2DatabaseAdapter.java:54)
	at marauroa.server.db.adapter.AbstractDatabaseAdapter.<init>(AbstractDatabaseAdapter.java:54)
	... 14 more
Caused by: org.mariadb.jdbc.internal.util.dao.QueryException: Could not connect: Access denied for user 'root'@'localhost' (using password: YES)
	at org.mariadb.jdbc.internal.protocol.AbstractConnectProtocol.authentication(AbstractConnectProtocol.java:500)
	at org.mariadb.jdbc.internal.protocol.AbstractConnectProtocol.handleConnectionPhases(AbstractConnectProtocol.java:448)
	at org.mariadb.jdbc.internal.protocol.AbstractConnectProtocol.connect(AbstractConnectProtocol.java:359)
	at org.mariadb.jdbc.internal.protocol.AbstractConnectProtocol.connectWithoutProxy(AbstractConnectProtocol.java:701)
	at org.mariadb.jdbc.internal.util.Utils.retrieveProxy(Utils.java:471)
	at org.mariadb.jdbc.Driver.connect(Driver.java:105)
	... 19 more
2016-06-09 15:16:31 ERROR [main      ] DatabaseFactory          (  67) - Failed to initialize database
java.lang.RuntimeException: java.lang.reflect.InvocationTargetException
	at marauroa.server.db.AdapterFactory.create(AdapterFactory.java:92)
	at marauroa.server.db.TransactionPool.createMinimumDBTransactions(TransactionPool.java:91)
	at marauroa.server.db.TransactionPool.beginWork(TransactionPool.java:115)
	at marauroa.server.game.db.DatabaseFactory.initializeDatabaseSchema(DatabaseFactory.java:76)
	at marauroa.server.game.db.DatabaseFactory.internalInit(DatabaseFactory.java:65)
	at marauroa.server.game.db.DatabaseFactory.initializeDatabase(DatabaseFactory.java:53)
	at marauroa.server.marauroad.init(marauroad.java:321)
	at marauroa.server.marauroad.main(marauroad.java:199)
Caused by: java.lang.reflect.InvocationTargetException
	at sun.reflect.NativeConstructorAccessorImpl.newInstance0(Native Method)
	at sun.reflect.NativeConstructorAccessorImpl.newInstance(Unknown Source)
	at sun.reflect.DelegatingConstructorAccessorImpl.newInstance(Unknown Source)
	at java.lang.reflect.Constructor.newInstance(Unknown Source)
	at marauroa.server.db.AdapterFactory.internalCreate(AdapterFactory.java:64)
	at marauroa.server.db.AdapterFactory.create(AdapterFactory.java:79)
	... 7 more
Caused by: marauroa.server.db.DatabaseConnectionException: Unable to create a connection to: jdbc:mariadb://localhost:3306/DB?user=root&password=toor;AUTO_RECONNECT=TRUE;DB_CLOSE_ON_EXIT=FALSE
	at marauroa.server.db.adapter.AbstractDatabaseAdapter.<init>(AbstractDatabaseAdapter.java:57)
	at marauroa.server.db.adapter.H2DatabaseAdapter.<init>(H2DatabaseAdapter.java:40)
	... 13 more
Caused by: java.sql.SQLInvalidAuthorizationSpecException: Could not connect: Access denied for user 'root'@'localhost' (using password: YES)
	at org.mariadb.jdbc.internal.util.ExceptionMapper.get(ExceptionMapper.java:121)
	at org.mariadb.jdbc.internal.util.ExceptionMapper.throwException(ExceptionMapper.java:69)
	at org.mariadb.jdbc.Driver.connect(Driver.java:110)
	at java.sql.DriverManager.getConnection(Unknown Source)
	at java.sql.DriverManager.getConnection(Unknown Source)
	at marauroa.server.db.adapter.AbstractDatabaseAdapter.createConnection(AbstractDatabaseAdapter.java:102)
	at marauroa.server.db.adapter.H2DatabaseAdapter.createConnection(H2DatabaseAdapter.java:54)
	at marauroa.server.db.adapter.AbstractDatabaseAdapter.<init>(AbstractDatabaseAdapter.java:54)
	... 14 more
Caused by: org.mariadb.jdbc.internal.util.dao.QueryException: Could not connect: Access denied for user 'root'@'localhost' (using password: YES)
	at org.mariadb.jdbc.internal.protocol.AbstractConnectProtocol.authentication(AbstractConnectProtocol.java:500)
	at org.mariadb.jdbc.internal.protocol.AbstractConnectProtocol.handleConnectionPhases(AbstractConnectProtocol.java:448)
	at org.mariadb.jdbc.internal.protocol.AbstractConnectProtocol.connect(AbstractConnectProtocol.java:359)
	at org.mariadb.jdbc.internal.protocol.AbstractConnectProtocol.connectWithoutProxy(AbstractConnectProtocol.java:701)
	at org.mariadb.jdbc.internal.util.Utils.retrieveProxy(Utils.java:471)
	at org.mariadb.jdbc.Driver.connect(Driver.java:105)
	... 19 more
2016-06-09 15:17:31 ERROR [main      ] DatabaseFactory          (  67) - Failed to initialize database
java.lang.RuntimeException: java.lang.reflect.InvocationTargetException
	at marauroa.server.db.AdapterFactory.create(AdapterFactory.java:92)
	at marauroa.server.db.TransactionPool.createMinimumDBTransactions(TransactionPool.java:91)
	at marauroa.server.db.TransactionPool.beginWork(TransactionPool.java:115)
	at marauroa.server.game.db.DatabaseFactory.initializeDatabaseSchema(DatabaseFactory.java:76)
	at marauroa.server.game.db.DatabaseFactory.internalInit(DatabaseFactory.java:65)
	at marauroa.server.game.db.DatabaseFactory.initializeDatabase(DatabaseFactory.java:53)
	at marauroa.server.marauroad.init(marauroad.java:321)
	at marauroa.server.marauroad.main(marauroad.java:199)
Caused by: java.lang.reflect.InvocationTargetException
	at sun.reflect.NativeConstructorAccessorImpl.newInstance0(Native Method)
	at sun.reflect.NativeConstructorAccessorImpl.newInstance(Unknown Source)
	at sun.reflect.DelegatingConstructorAccessorImpl.newInstance(Unknown Source)
	at java.lang.reflect.Constructor.newInstance(Unknown Source)
	at marauroa.server.db.AdapterFactory.internalCreate(AdapterFactory.java:64)
	at marauroa.server.db.AdapterFactory.create(AdapterFactory.java:79)
	... 7 more
Caused by: marauroa.server.db.DatabaseConnectionException: Cannot load driver class org.mariadb.jdbc.Driver
	at marauroa.server.db.adapter.AbstractDatabaseAdapter.createConnection(AbstractDatabaseAdapter.java:90)
	at marauroa.server.db.adapter.H2DatabaseAdapter.createConnection(H2DatabaseAdapter.java:54)
	at marauroa.server.db.adapter.AbstractDatabaseAdapter.<init>(AbstractDatabaseAdapter.java:54)
	at marauroa.server.db.adapter.H2DatabaseAdapter.<init>(H2DatabaseAdapter.java:40)
	... 13 more
Caused by: java.lang.ClassNotFoundException: org.mariadb.jdbc.Driver
	at java.net.URLClassLoader.findClass(Unknown Source)
	at java.lang.ClassLoader.loadClass(Unknown Source)
	at sun.misc.Launcher$AppClassLoader.loadClass(Unknown Source)
	at java.lang.ClassLoader.loadClass(Unknown Source)
	at java.lang.Class.forName0(Native Method)
	at java.lang.Class.forName(Unknown Source)
	at marauroa.server.db.adapter.AbstractDatabaseAdapter.createConnection(AbstractDatabaseAdapter.java:86)
	... 16 more
2016-06-09 15:23:25 ERROR [main      ] DatabaseFactory          (  67) - Failed to initialize database
java.lang.RuntimeException: java.lang.reflect.InvocationTargetException
	at marauroa.server.db.AdapterFactory.create(AdapterFactory.java:92)
	at marauroa.server.db.TransactionPool.createMinimumDBTransactions(TransactionPool.java:91)
	at marauroa.server.db.TransactionPool.beginWork(TransactionPool.java:115)
	at marauroa.server.game.db.DatabaseFactory.initializeDatabaseSchema(DatabaseFactory.java:76)
	at marauroa.server.game.db.DatabaseFactory.internalInit(DatabaseFactory.java:65)
	at marauroa.server.game.db.DatabaseFactory.initializeDatabase(DatabaseFactory.java:53)
	at marauroa.server.marauroad.init(marauroad.java:321)
	at marauroa.server.marauroad.main(marauroad.java:199)
Caused by: java.lang.reflect.InvocationTargetException
	at sun.reflect.NativeConstructorAccessorImpl.newInstance0(Native Method)
	at sun.reflect.NativeConstructorAccessorImpl.newInstance(Unknown Source)
	at sun.reflect.DelegatingConstructorAccessorImpl.newInstance(Unknown Source)
	at java.lang.reflect.Constructor.newInstance(Unknown Source)
	at marauroa.server.db.AdapterFactory.internalCreate(AdapterFactory.java:64)
	at marauroa.server.db.AdapterFactory.create(AdapterFactory.java:79)
	... 7 more
Caused by: marauroa.server.db.DatabaseConnectionException: Cannot load driver class org.mariadb.jdbc.Driver
	at marauroa.server.db.adapter.AbstractDatabaseAdapter.createConnection(AbstractDatabaseAdapter.java:90)
	at marauroa.server.db.adapter.H2DatabaseAdapter.createConnection(H2DatabaseAdapter.java:54)
	at marauroa.server.db.adapter.AbstractDatabaseAdapter.<init>(AbstractDatabaseAdapter.java:54)
	at marauroa.server.db.adapter.H2DatabaseAdapter.<init>(H2DatabaseAdapter.java:40)
	... 13 more
Caused by: java.lang.ClassNotFoundException: org.mariadb.jdbc.Driver
	at java.net.URLClassLoader.findClass(Unknown Source)
	at java.lang.ClassLoader.loadClass(Unknown Source)
	at sun.misc.Launcher$AppClassLoader.loadClass(Unknown Source)
	at java.lang.ClassLoader.loadClass(Unknown Source)
	at java.lang.Class.forName0(Native Method)
	at java.lang.Class.forName(Unknown Source)
	at marauroa.server.db.adapter.AbstractDatabaseAdapter.createConnection(AbstractDatabaseAdapter.java:86)
	... 16 more
2016-06-09 15:23:29 ERROR [main      ] DatabaseFactory          (  67) - Failed to initialize database
java.lang.RuntimeException: java.lang.reflect.InvocationTargetException
	at marauroa.server.db.AdapterFactory.create(AdapterFactory.java:92)
	at marauroa.server.db.TransactionPool.createMinimumDBTransactions(TransactionPool.java:91)
	at marauroa.server.db.TransactionPool.beginWork(TransactionPool.java:115)
	at marauroa.server.game.db.DatabaseFactory.initializeDatabaseSchema(DatabaseFactory.java:76)
	at marauroa.server.game.db.DatabaseFactory.internalInit(DatabaseFactory.java:65)
	at marauroa.server.game.db.DatabaseFactory.initializeDatabase(DatabaseFactory.java:53)
	at marauroa.server.marauroad.init(marauroad.java:321)
	at marauroa.server.marauroad.main(marauroad.java:199)
Caused by: java.lang.reflect.InvocationTargetException
	at sun.reflect.NativeConstructorAccessorImpl.newInstance0(Native Method)
	at sun.reflect.NativeConstructorAccessorImpl.newInstance(Unknown Source)
	at sun.reflect.DelegatingConstructorAccessorImpl.newInstance(Unknown Source)
	at java.lang.reflect.Constructor.newInstance(Unknown Source)
	at marauroa.server.db.AdapterFactory.internalCreate(AdapterFactory.java:64)
	at marauroa.server.db.AdapterFactory.create(AdapterFactory.java:79)
	... 7 more
Caused by: marauroa.server.db.DatabaseConnectionException: Cannot load driver class org.mariadb.jdbc.Driver
	at marauroa.server.db.adapter.AbstractDatabaseAdapter.createConnection(AbstractDatabaseAdapter.java:90)
	at marauroa.server.db.adapter.H2DatabaseAdapter.createConnection(H2DatabaseAdapter.java:54)
	at marauroa.server.db.adapter.AbstractDatabaseAdapter.<init>(AbstractDatabaseAdapter.java:54)
	at marauroa.server.db.adapter.H2DatabaseAdapter.<init>(H2DatabaseAdapter.java:40)
	... 13 more
Caused by: java.lang.ClassNotFoundException: org.mariadb.jdbc.Driver
	at java.net.URLClassLoader.findClass(Unknown Source)
	at java.lang.ClassLoader.loadClass(Unknown Source)
	at sun.misc.Launcher$AppClassLoader.loadClass(Unknown Source)
	at java.lang.ClassLoader.loadClass(Unknown Source)
	at java.lang.Class.forName0(Native Method)
	at java.lang.Class.forName(Unknown Source)
	at marauroa.server.db.adapter.AbstractDatabaseAdapter.createConnection(AbstractDatabaseAdapter.java:86)
	... 16 more
2016-06-09 15:38:47 ERROR [main      ] DatabaseFactory          (  67) - Failed to initialize database
java.lang.RuntimeException: java.lang.reflect.InvocationTargetException
	at marauroa.server.db.AdapterFactory.create(AdapterFactory.java:92)
	at marauroa.server.db.TransactionPool.createMinimumDBTransactions(TransactionPool.java:91)
	at marauroa.server.db.TransactionPool.beginWork(TransactionPool.java:115)
	at marauroa.server.game.db.DatabaseFactory.initializeDatabaseSchema(DatabaseFactory.java:76)
	at marauroa.server.game.db.DatabaseFactory.internalInit(DatabaseFactory.java:65)
	at marauroa.server.game.db.DatabaseFactory.initializeDatabase(DatabaseFactory.java:53)
	at marauroa.server.marauroad.init(marauroad.java:321)
	at marauroa.server.marauroad.main(marauroad.java:199)
Caused by: java.lang.reflect.InvocationTargetException
	at sun.reflect.NativeConstructorAccessorImpl.newInstance0(Native Method)
	at sun.reflect.NativeConstructorAccessorImpl.newInstance(Unknown Source)
	at sun.reflect.DelegatingConstructorAccessorImpl.newInstance(Unknown Source)
	at java.lang.reflect.Constructor.newInstance(Unknown Source)
	at marauroa.server.db.AdapterFactory.internalCreate(AdapterFactory.java:64)
	at marauroa.server.db.AdapterFactory.create(AdapterFactory.java:79)
	... 7 more
Caused by: marauroa.server.db.DatabaseConnectionException: Cannot load driver class org.mariadb.jdbc.Driver
	at marauroa.server.db.adapter.AbstractDatabaseAdapter.createConnection(AbstractDatabaseAdapter.java:90)
	at marauroa.server.db.adapter.H2DatabaseAdapter.createConnection(H2DatabaseAdapter.java:54)
	at marauroa.server.db.adapter.AbstractDatabaseAdapter.<init>(AbstractDatabaseAdapter.java:54)
	at marauroa.server.db.adapter.H2DatabaseAdapter.<init>(H2DatabaseAdapter.java:40)
	... 13 more
Caused by: java.lang.ClassNotFoundException: org.mariadb.jdbc.Driver
	at java.net.URLClassLoader.findClass(Unknown Source)
	at java.lang.ClassLoader.loadClass(Unknown Source)
	at sun.misc.Launcher$AppClassLoader.loadClass(Unknown Source)
	at java.lang.ClassLoader.loadClass(Unknown Source)
	at java.lang.Class.forName0(Native Method)
	at java.lang.Class.forName(Unknown Source)
	at marauroa.server.db.adapter.AbstractDatabaseAdapter.createConnection(AbstractDatabaseAdapter.java:86)
	... 16 more
2016-06-09 15:39:52 ERROR [main      ] DatabaseFactory          (  67) - Failed to initialize database
java.lang.RuntimeException: java.lang.reflect.InvocationTargetException
	at marauroa.server.db.AdapterFactory.create(AdapterFactory.java:92)
	at marauroa.server.db.TransactionPool.createMinimumDBTransactions(TransactionPool.java:91)
	at marauroa.server.db.TransactionPool.beginWork(TransactionPool.java:115)
	at marauroa.server.game.db.DatabaseFactory.initializeDatabaseSchema(DatabaseFactory.java:76)
	at marauroa.server.game.db.DatabaseFactory.internalInit(DatabaseFactory.java:65)
	at marauroa.server.game.db.DatabaseFactory.initializeDatabase(DatabaseFactory.java:53)
	at marauroa.server.marauroad.init(marauroad.java:321)
	at marauroa.server.marauroad.main(marauroad.java:199)
Caused by: java.lang.reflect.InvocationTargetException
	at sun.reflect.NativeConstructorAccessorImpl.newInstance0(Native Method)
	at sun.reflect.NativeConstructorAccessorImpl.newInstance(Unknown Source)
	at sun.reflect.DelegatingConstructorAccessorImpl.newInstance(Unknown Source)
	at java.lang.reflect.Constructor.newInstance(Unknown Source)
	at marauroa.server.db.AdapterFactory.internalCreate(AdapterFactory.java:64)
	at marauroa.server.db.AdapterFactory.create(AdapterFactory.java:79)
	... 7 more
Caused by: marauroa.server.db.DatabaseConnectionException: Cannot load driver class org.h2.Driver
	at marauroa.server.db.adapter.AbstractDatabaseAdapter.createConnection(AbstractDatabaseAdapter.java:90)
	at marauroa.server.db.adapter.H2DatabaseAdapter.createConnection(H2DatabaseAdapter.java:54)
	at marauroa.server.db.adapter.AbstractDatabaseAdapter.<init>(AbstractDatabaseAdapter.java:54)
	at marauroa.server.db.adapter.H2DatabaseAdapter.<init>(H2DatabaseAdapter.java:40)
	... 13 more
Caused by: java.lang.ClassNotFoundException: org.h2.Driver
	at java.net.URLClassLoader.findClass(Unknown Source)
	at java.lang.ClassLoader.loadClass(Unknown Source)
	at sun.misc.Launcher$AppClassLoader.loadClass(Unknown Source)
	at java.lang.ClassLoader.loadClass(Unknown Source)
	at java.lang.Class.forName0(Native Method)
	at java.lang.Class.forName(Unknown Source)
	at marauroa.server.db.adapter.AbstractDatabaseAdapter.createConnection(AbstractDatabaseAdapter.java:86)
	... 16 more
2016-06-09 15:44:18 ERROR [main      ] DatabaseFactory          (  67) - Failed to initialize database
java.lang.RuntimeException: java.lang.reflect.InvocationTargetException
	at marauroa.server.db.AdapterFactory.create(AdapterFactory.java:92)
	at marauroa.server.db.TransactionPool.createMinimumDBTransactions(TransactionPool.java:91)
	at marauroa.server.db.TransactionPool.beginWork(TransactionPool.java:115)
	at marauroa.server.game.db.DatabaseFactory.initializeDatabaseSchema(DatabaseFactory.java:76)
	at marauroa.server.game.db.DatabaseFactory.internalInit(DatabaseFactory.java:65)
	at marauroa.server.game.db.DatabaseFactory.initializeDatabase(DatabaseFactory.java:53)
	at marauroa.server.marauroad.init(marauroad.java:321)
	at marauroa.server.marauroad.main(marauroad.java:199)
Caused by: java.lang.reflect.InvocationTargetException
	at sun.reflect.NativeConstructorAccessorImpl.newInstance0(Native Method)
	at sun.reflect.NativeConstructorAccessorImpl.newInstance(Unknown Source)
	at sun.reflect.DelegatingConstructorAccessorImpl.newInstance(Unknown Source)
	at java.lang.reflect.Constructor.newInstance(Unknown Source)
	at marauroa.server.db.AdapterFactory.internalCreate(AdapterFactory.java:64)
	at marauroa.server.db.AdapterFactory.create(AdapterFactory.java:79)
	... 7 more
Caused by: marauroa.server.db.DatabaseConnectionException: Cannot load driver class org.mariadb.jdbc.Driver
	at marauroa.server.db.adapter.AbstractDatabaseAdapter.createConnection(AbstractDatabaseAdapter.java:90)
	at marauroa.server.db.adapter.H2DatabaseAdapter.createConnection(H2DatabaseAdapter.java:54)
	at marauroa.server.db.adapter.AbstractDatabaseAdapter.<init>(AbstractDatabaseAdapter.java:54)
	at marauroa.server.db.adapter.H2DatabaseAdapter.<init>(H2DatabaseAdapter.java:40)
	... 13 more
Caused by: java.lang.ClassNotFoundException: org.mariadb.jdbc.Driver
	at java.net.URLClassLoader.findClass(Unknown Source)
	at java.lang.ClassLoader.loadClass(Unknown Source)
	at sun.misc.Launcher$AppClassLoader.loadClass(Unknown Source)
	at java.lang.ClassLoader.loadClass(Unknown Source)
	at java.lang.Class.forName0(Native Method)
	at java.lang.Class.forName(Unknown Source)
	at marauroa.server.db.adapter.AbstractDatabaseAdapter.createConnection(AbstractDatabaseAdapter.java:86)
	... 16 more
2016-06-09 15:46:46 ERROR [main      ] DatabaseFactory          (  67) - Failed to initialize database
java.lang.RuntimeException: java.lang.reflect.InvocationTargetException
	at marauroa.server.db.AdapterFactory.create(AdapterFactory.java:92)
	at marauroa.server.db.TransactionPool.createMinimumDBTransactions(TransactionPool.java:91)
	at marauroa.server.db.TransactionPool.beginWork(TransactionPool.java:115)
	at marauroa.server.game.db.DatabaseFactory.initializeDatabaseSchema(DatabaseFactory.java:76)
	at marauroa.server.game.db.DatabaseFactory.internalInit(DatabaseFactory.java:65)
	at marauroa.server.game.db.DatabaseFactory.initializeDatabase(DatabaseFactory.java:53)
	at marauroa.server.marauroad.init(marauroad.java:321)
	at marauroa.server.marauroad.main(marauroad.java:199)
Caused by: java.lang.reflect.InvocationTargetException
	at sun.reflect.NativeConstructorAccessorImpl.newInstance0(Native Method)
	at sun.reflect.NativeConstructorAccessorImpl.newInstance(Unknown Source)
	at sun.reflect.DelegatingConstructorAccessorImpl.newInstance(Unknown Source)
	at java.lang.reflect.Constructor.newInstance(Unknown Source)
	at marauroa.server.db.AdapterFactory.internalCreate(AdapterFactory.java:64)
	at marauroa.server.db.AdapterFactory.create(AdapterFactory.java:79)
	... 7 more
Caused by: marauroa.server.db.DatabaseConnectionException: Cannot load driver class org.mariadb.jdbc.Driver
	at marauroa.server.db.adapter.AbstractDatabaseAdapter.createConnection(AbstractDatabaseAdapter.java:90)
	at marauroa.server.db.adapter.H2DatabaseAdapter.createConnection(H2DatabaseAdapter.java:54)
	at marauroa.server.db.adapter.AbstractDatabaseAdapter.<init>(AbstractDatabaseAdapter.java:54)
	at marauroa.server.db.adapter.H2DatabaseAdapter.<init>(H2DatabaseAdapter.java:40)
	... 13 more
Caused by: java.lang.ClassNotFoundException: org.mariadb.jdbc.Driver
	at java.net.URLClassLoader.findClass(Unknown Source)
	at java.lang.ClassLoader.loadClass(Unknown Source)
	at sun.misc.Launcher$AppClassLoader.loadClass(Unknown Source)
	at java.lang.ClassLoader.loadClass(Unknown Source)
	at java.lang.Class.forName0(Native Method)
	at java.lang.Class.forName(Unknown Source)
	at marauroa.server.db.adapter.AbstractDatabaseAdapter.createConnection(AbstractDatabaseAdapter.java:86)
	... 16 more
2016-06-09 15:47:07 ERROR [main      ] DatabaseFactory          (  67) - Failed to initialize database
java.lang.RuntimeException: marauroa.server.db.DatabaseConnectionException: Cannot load driver class org.mariadb.jdbc.Driver
	at marauroa.server.db.AdapterFactory.create(AdapterFactory.java:92)
	at marauroa.server.db.TransactionPool.createMinimumDBTransactions(TransactionPool.java:91)
	at marauroa.server.db.TransactionPool.beginWork(TransactionPool.java:115)
	at marauroa.server.game.db.DatabaseFactory.initializeDatabaseSchema(DatabaseFactory.java:76)
	at marauroa.server.game.db.DatabaseFactory.internalInit(DatabaseFactory.java:65)
	at marauroa.server.game.db.DatabaseFactory.initializeDatabase(DatabaseFactory.java:53)
	at marauroa.server.marauroad.init(marauroad.java:321)
	at marauroa.server.marauroad.main(marauroad.java:199)
Caused by: marauroa.server.db.DatabaseConnectionException: Cannot load driver class org.mariadb.jdbc.Driver
	at marauroa.server.db.adapter.AbstractDatabaseAdapter.createConnection(AbstractDatabaseAdapter.java:90)
	at marauroa.server.db.adapter.MySQLDatabaseAdapter.createConnection(MySQLDatabaseAdapter.java:59)
	at marauroa.server.db.adapter.AbstractDatabaseAdapter.<init>(AbstractDatabaseAdapter.java:54)
	at marauroa.server.db.adapter.MySQLDatabaseAdapter.<init>(MySQLDatabaseAdapter.java:44)
	at marauroa.server.db.AdapterFactory.internalCreate(AdapterFactory.java:60)
	at marauroa.server.db.AdapterFactory.create(AdapterFactory.java:79)
	... 7 more
Caused by: java.lang.ClassNotFoundException: org.mariadb.jdbc.Driver
	at java.net.URLClassLoader.findClass(Unknown Source)
	at java.lang.ClassLoader.loadClass(Unknown Source)
	at sun.misc.Launcher$AppClassLoader.loadClass(Unknown Source)
	at java.lang.ClassLoader.loadClass(Unknown Source)
	at java.lang.Class.forName0(Native Method)
	at java.lang.Class.forName(Unknown Source)
	at marauroa.server.db.adapter.AbstractDatabaseAdapter.createConnection(AbstractDatabaseAdapter.java:86)
	... 12 more
2016-06-09 15:47:45 ERROR [main      ] DatabaseFactory          (  67) - Failed to initialize database
java.lang.RuntimeException: java.lang.reflect.InvocationTargetException
	at marauroa.server.db.AdapterFactory.create(AdapterFactory.java:92)
	at marauroa.server.db.TransactionPool.createMinimumDBTransactions(TransactionPool.java:91)
	at marauroa.server.db.TransactionPool.beginWork(TransactionPool.java:115)
	at marauroa.server.game.db.DatabaseFactory.initializeDatabaseSchema(DatabaseFactory.java:76)
	at marauroa.server.game.db.DatabaseFactory.internalInit(DatabaseFactory.java:65)
	at marauroa.server.game.db.DatabaseFactory.initializeDatabase(DatabaseFactory.java:53)
	at marauroa.server.marauroad.init(marauroad.java:321)
	at marauroa.server.marauroad.main(marauroad.java:199)
Caused by: java.lang.reflect.InvocationTargetException
	at sun.reflect.NativeConstructorAccessorImpl.newInstance0(Native Method)
	at sun.reflect.NativeConstructorAccessorImpl.newInstance(Unknown Source)
	at sun.reflect.DelegatingConstructorAccessorImpl.newInstance(Unknown Source)
	at java.lang.reflect.Constructor.newInstance(Unknown Source)
	at marauroa.server.db.AdapterFactory.internalCreate(AdapterFactory.java:64)
	at marauroa.server.db.AdapterFactory.create(AdapterFactory.java:79)
	... 7 more
Caused by: marauroa.server.db.DatabaseConnectionException: Cannot load driver class org.mariadb.jdbc.Driver
	at marauroa.server.db.adapter.AbstractDatabaseAdapter.createConnection(AbstractDatabaseAdapter.java:90)
	at marauroa.server.db.adapter.H2DatabaseAdapter.createConnection(H2DatabaseAdapter.java:54)
	at marauroa.server.db.adapter.AbstractDatabaseAdapter.<init>(AbstractDatabaseAdapter.java:54)
	at marauroa.server.db.adapter.H2DatabaseAdapter.<init>(H2DatabaseAdapter.java:40)
	... 13 more
Caused by: java.lang.ClassNotFoundException: org.mariadb.jdbc.Driver
	at java.net.URLClassLoader.findClass(Unknown Source)
	at java.lang.ClassLoader.loadClass(Unknown Source)
	at sun.misc.Launcher$AppClassLoader.loadClass(Unknown Source)
	at java.lang.ClassLoader.loadClass(Unknown Source)
	at java.lang.Class.forName0(Native Method)
	at java.lang.Class.forName(Unknown Source)
	at marauroa.server.db.adapter.AbstractDatabaseAdapter.createConnection(AbstractDatabaseAdapter.java:86)
	... 16 more
2016-06-09 15:52:38 ERROR [main      ] DatabaseFactory          (  67) - Failed to initialize database
java.lang.RuntimeException: java.lang.reflect.InvocationTargetException
	at marauroa.server.db.AdapterFactory.create(AdapterFactory.java:92)
	at marauroa.server.db.TransactionPool.createMinimumDBTransactions(TransactionPool.java:91)
	at marauroa.server.db.TransactionPool.beginWork(TransactionPool.java:115)
	at marauroa.server.game.db.DatabaseFactory.initializeDatabaseSchema(DatabaseFactory.java:76)
	at marauroa.server.game.db.DatabaseFactory.internalInit(DatabaseFactory.java:65)
	at marauroa.server.game.db.DatabaseFactory.initializeDatabase(DatabaseFactory.java:53)
	at marauroa.server.marauroad.init(marauroad.java:321)
	at marauroa.server.marauroad.main(marauroad.java:199)
Caused by: java.lang.reflect.InvocationTargetException
	at sun.reflect.NativeConstructorAccessorImpl.newInstance0(Native Method)
	at sun.reflect.NativeConstructorAccessorImpl.newInstance(Unknown Source)
	at sun.reflect.DelegatingConstructorAccessorImpl.newInstance(Unknown Source)
	at java.lang.reflect.Constructor.newInstance(Unknown Source)
	at marauroa.server.db.AdapterFactory.internalCreate(AdapterFactory.java:64)
	at marauroa.server.db.AdapterFactory.create(AdapterFactory.java:79)
	... 7 more
Caused by: marauroa.server.db.DatabaseConnectionException: Cannot load driver class org.mariadb.jdbc.Driver
	at marauroa.server.db.adapter.AbstractDatabaseAdapter.createConnection(AbstractDatabaseAdapter.java:90)
	at marauroa.server.db.adapter.H2DatabaseAdapter.createConnection(H2DatabaseAdapter.java:54)
	at marauroa.server.db.adapter.AbstractDatabaseAdapter.<init>(AbstractDatabaseAdapter.java:54)
	at marauroa.server.db.adapter.H2DatabaseAdapter.<init>(H2DatabaseAdapter.java:40)
	... 13 more
Caused by: java.lang.ClassNotFoundException: org.mariadb.jdbc.Driver
	at java.net.URLClassLoader.findClass(Unknown Source)
	at java.lang.ClassLoader.loadClass(Unknown Source)
	at sun.misc.Launcher$AppClassLoader.loadClass(Unknown Source)
	at java.lang.ClassLoader.loadClass(Unknown Source)
	at java.lang.Class.forName0(Native Method)
	at java.lang.Class.forName(Unknown Source)
	at marauroa.server.db.adapter.AbstractDatabaseAdapter.createConnection(AbstractDatabaseAdapter.java:86)
	... 16 more
2016-06-09 15:58:39 ERROR [main      ] DatabaseFactory          (  67) - Failed to initialize database
java.lang.RuntimeException: java.lang.reflect.InvocationTargetException
	at marauroa.server.db.AdapterFactory.create(AdapterFactory.java:92)
	at marauroa.server.db.TransactionPool.createMinimumDBTransactions(TransactionPool.java:91)
	at marauroa.server.db.TransactionPool.beginWork(TransactionPool.java:115)
	at marauroa.server.game.db.DatabaseFactory.initializeDatabaseSchema(DatabaseFactory.java:76)
	at marauroa.server.game.db.DatabaseFactory.internalInit(DatabaseFactory.java:65)
	at marauroa.server.game.db.DatabaseFactory.initializeDatabase(DatabaseFactory.java:53)
	at marauroa.server.marauroad.init(marauroad.java:321)
	at marauroa.server.marauroad.main(marauroad.java:199)
Caused by: java.lang.reflect.InvocationTargetException
	at sun.reflect.NativeConstructorAccessorImpl.newInstance0(Native Method)
	at sun.reflect.NativeConstructorAccessorImpl.newInstance(Unknown Source)
	at sun.reflect.DelegatingConstructorAccessorImpl.newInstance(Unknown Source)
	at java.lang.reflect.Constructor.newInstance(Unknown Source)
	at marauroa.server.db.AdapterFactory.internalCreate(AdapterFactory.java:64)
	at marauroa.server.db.AdapterFactory.create(AdapterFactory.java:79)
	... 7 more
Caused by: marauroa.server.db.DatabaseConnectionException: Cannot load driver class org.mariadb.jdbc.Driver
	at marauroa.server.db.adapter.AbstractDatabaseAdapter.createConnection(AbstractDatabaseAdapter.java:90)
	at marauroa.server.db.adapter.H2DatabaseAdapter.createConnection(H2DatabaseAdapter.java:54)
	at marauroa.server.db.adapter.AbstractDatabaseAdapter.<init>(AbstractDatabaseAdapter.java:54)
	at marauroa.server.db.adapter.H2DatabaseAdapter.<init>(H2DatabaseAdapter.java:40)
	... 13 more
Caused by: java.lang.ClassNotFoundException: org.mariadb.jdbc.Driver
	at java.net.URLClassLoader.findClass(Unknown Source)
	at java.lang.ClassLoader.loadClass(Unknown Source)
	at sun.misc.Launcher$AppClassLoader.loadClass(Unknown Source)
	at java.lang.ClassLoader.loadClass(Unknown Source)
	at java.lang.Class.forName0(Native Method)
	at java.lang.Class.forName(Unknown Source)
	at marauroa.server.db.adapter.AbstractDatabaseAdapter.createConnection(AbstractDatabaseAdapter.java:86)
	... 16 more
2016-06-09 15:58:42 ERROR [main      ] DatabaseFactory          (  67) - Failed to initialize database
java.lang.RuntimeException: java.lang.reflect.InvocationTargetException
	at marauroa.server.db.AdapterFactory.create(AdapterFactory.java:92)
	at marauroa.server.db.TransactionPool.createMinimumDBTransactions(TransactionPool.java:91)
	at marauroa.server.db.TransactionPool.beginWork(TransactionPool.java:115)
	at marauroa.server.game.db.DatabaseFactory.initializeDatabaseSchema(DatabaseFactory.java:76)
	at marauroa.server.game.db.DatabaseFactory.internalInit(DatabaseFactory.java:65)
	at marauroa.server.game.db.DatabaseFactory.initializeDatabase(DatabaseFactory.java:53)
	at marauroa.server.marauroad.init(marauroad.java:321)
	at marauroa.server.marauroad.main(marauroad.java:199)
Caused by: java.lang.reflect.InvocationTargetException
	at sun.reflect.NativeConstructorAccessorImpl.newInstance0(Native Method)
	at sun.reflect.NativeConstructorAccessorImpl.newInstance(Unknown Source)
	at sun.reflect.DelegatingConstructorAccessorImpl.newInstance(Unknown Source)
	at java.lang.reflect.Constructor.newInstance(Unknown Source)
	at marauroa.server.db.AdapterFactory.internalCreate(AdapterFactory.java:64)
	at marauroa.server.db.AdapterFactory.create(AdapterFactory.java:79)
	... 7 more
Caused by: marauroa.server.db.DatabaseConnectionException: Cannot load driver class org.mariadb.jdbc.Driver
	at marauroa.server.db.adapter.AbstractDatabaseAdapter.createConnection(AbstractDatabaseAdapter.java:90)
	at marauroa.server.db.adapter.H2DatabaseAdapter.createConnection(H2DatabaseAdapter.java:54)
	at marauroa.server.db.adapter.AbstractDatabaseAdapter.<init>(AbstractDatabaseAdapter.java:54)
	at marauroa.server.db.adapter.H2DatabaseAdapter.<init>(H2DatabaseAdapter.java:40)
	... 13 more
Caused by: java.lang.ClassNotFoundException: org.mariadb.jdbc.Driver
	at java.net.URLClassLoader.findClass(Unknown Source)
	at java.lang.ClassLoader.loadClass(Unknown Source)
	at sun.misc.Launcher$AppClassLoader.loadClass(Unknown Source)
	at java.lang.ClassLoader.loadClass(Unknown Source)
	at java.lang.Class.forName0(Native Method)
	at java.lang.Class.forName(Unknown Source)
	at marauroa.server.db.adapter.AbstractDatabaseAdapter.createConnection(AbstractDatabaseAdapter.java:86)
	... 16 more
2016-06-09 16:07:25 ERROR [main      ] DatabaseFactory          (  67) - Failed to initialize database
java.lang.RuntimeException: java.lang.reflect.InvocationTargetException
	at marauroa.server.db.AdapterFactory.create(AdapterFactory.java:92)
	at marauroa.server.db.TransactionPool.createMinimumDBTransactions(TransactionPool.java:91)
	at marauroa.server.db.TransactionPool.beginWork(TransactionPool.java:115)
	at marauroa.server.game.db.DatabaseFactory.initializeDatabaseSchema(DatabaseFactory.java:76)
	at marauroa.server.game.db.DatabaseFactory.internalInit(DatabaseFactory.java:65)
	at marauroa.server.game.db.DatabaseFactory.initializeDatabase(DatabaseFactory.java:53)
	at marauroa.server.marauroad.init(marauroad.java:321)
	at marauroa.server.marauroad.main(marauroad.java:199)
Caused by: java.lang.reflect.InvocationTargetException
	at sun.reflect.NativeConstructorAccessorImpl.newInstance0(Native Method)
	at sun.reflect.NativeConstructorAccessorImpl.newInstance(Unknown Source)
	at sun.reflect.DelegatingConstructorAccessorImpl.newInstance(Unknown Source)
	at java.lang.reflect.Constructor.newInstance(Unknown Source)
	at marauroa.server.db.AdapterFactory.internalCreate(AdapterFactory.java:64)
	at marauroa.server.db.AdapterFactory.create(AdapterFactory.java:79)
	... 7 more
Caused by: marauroa.server.db.DatabaseConnectionException: Cannot load driver class org.mariadb.jdbc.Driver
	at marauroa.server.db.adapter.AbstractDatabaseAdapter.createConnection(AbstractDatabaseAdapter.java:90)
	at marauroa.server.db.adapter.H2DatabaseAdapter.createConnection(H2DatabaseAdapter.java:54)
	at marauroa.server.db.adapter.AbstractDatabaseAdapter.<init>(AbstractDatabaseAdapter.java:54)
	at marauroa.server.db.adapter.H2DatabaseAdapter.<init>(H2DatabaseAdapter.java:40)
	... 13 more
Caused by: java.lang.ClassNotFoundException: org.mariadb.jdbc.Driver
	at java.net.URLClassLoader.findClass(Unknown Source)
	at java.lang.ClassLoader.loadClass(Unknown Source)
	at sun.misc.Launcher$AppClassLoader.loadClass(Unknown Source)
	at java.lang.ClassLoader.loadClass(Unknown Source)
	at java.lang.Class.forName0(Native Method)
	at java.lang.Class.forName(Unknown Source)
	at marauroa.server.db.adapter.AbstractDatabaseAdapter.createConnection(AbstractDatabaseAdapter.java:86)
	... 16 more
